<!DOCTYPE html PUBLIC "-//W3C//DTD XHTML 1.1//EN" "http://www.w3.org/TR/xhtml11/DTD/xhtml11.dtd">
<html xmlns="http://www.w3.org/1999/xhtml"><head><title>TestNG Report</title><style type="text/css">table {margin-bottom:10px;border-collapse:collapse;empty-cells:show}th,td {border:1px solid #009;padding:.25em .5em}th {vertical-align:bottom}td {vertical-align:top}table a {font-weight:bold}.stripe td {background-color: #E6EBF9}.num {text-align:right}.passedodd td {background-color: #3F3}.passedeven td {background-color: #0A0}.skippedodd td {background-color: #DDD}.skippedeven td {background-color: #CCC}.failedodd td,.attn {background-color: #F33}.failedeven td,.stripe .attn {background-color: #D00}.stacktrace {white-space:pre;font-family:monospace}.totop {font-size:85%;text-align:center;border-bottom:2px solid #000}</style></head><body><table><tr><th>Test</th><th># Passed</th><th># Skipped</th><th># Failed</th><th>Time (ms)</th><th>Included Groups</th><th>Excluded Groups</th></tr><tr><th colspan="7">Suite</th></tr><tr><td><a href="#t0">Test2</a></td><td class="num">1</td><td class="num">0</td><td class="num">0</td><td class="num">13,277</td><td></td><td></td></tr><tr class="stripe"><td><a href="#t1">Test</a></td><td class="num">3</td><td class="num attn">4</td><td class="num attn">1</td><td class="num">41,286</td><td></td><td></td></tr><tr><th>Total</th><th class="num">4</th><th class="num attn">4</th><th class="num attn">1</th><th class="num">54,563</th><th colspan="2"></th></tr></table><table><thead><tr><th>Class</th><th>Method</th><th>Start</th><th>Time (ms)</th></tr></thead><tbody><tr><th colspan="4">Suite</th></tr></tbody><tbody id="t0"><tr><th colspan="4">Test2 &#8212; passed</th></tr><tr class="passedeven"><td rowspan="1">com.obsqura.ProjectServiceApp.LoginPageTest</td><td><a href="#m0">verifyLoginWithValidUserNameAndPassword</a></td><td rowspan="1">1674618311999</td><td rowspan="1">3890</td></tr></tbody><tbody id="t1"><tr><th colspan="4">Test &#8212; failed (configuration methods)</th></tr><tr class="failedeven"><td rowspan="1">com.obsqura.ProjectServiceApp.HomePageTest</td><td><a href="#m1">browserQuit</a></td><td rowspan="1">1674618344668</td><td rowspan="1">0</td></tr><tr><th colspan="4">Test &#8212; failed</th></tr><tr class="failedeven"><td rowspan="1">com.obsqura.ProjectServiceApp.HomePageTest</td><td><a href="#m2">verifyClickOnSendSMS</a></td><td rowspan="1">1674618342257</td><td rowspan="1">2400</td></tr><tr><th colspan="4">Test &#8212; skipped (configuration methods)</th></tr><tr class="skippedeven"><td rowspan="12">com.obsqura.ProjectServiceApp.HomePageTest</td><td><a href="#m3">browserQuit</a></td><td rowspan="4">1674618344687</td><td rowspan="4">0</td></tr><tr class="skippedeven"><td><a href="#m4">browserQuit</a></td></tr><tr class="skippedeven"><td><a href="#m5">browserQuit</a></td></tr><tr class="skippedeven"><td><a href="#m6">browserQuit</a></td></tr><tr class="skippedeven"><td><a href="#m7">initialiseBrowser</a></td><td rowspan="4">1674618344695</td><td rowspan="4">0</td></tr><tr class="skippedeven"><td><a href="#m8">initialiseBrowser</a></td></tr><tr class="skippedeven"><td><a href="#m9">initialiseBrowser</a></td></tr><tr class="skippedeven"><td><a href="#m10">initialiseBrowser</a></td></tr><tr class="skippedeven"><td><a href="#m11">initializeBrowser</a></td><td rowspan="4">1674618344684</td><td rowspan="4">0</td></tr><tr class="skippedeven"><td><a href="#m12">initializeBrowser</a></td></tr><tr class="skippedeven"><td><a href="#m13">initializeBrowser</a></td></tr><tr class="skippedeven"><td><a href="#m14">initializeBrowser</a></td></tr><tr><th colspan="4">Test &#8212; skipped</th></tr><tr class="skippedeven"><td rowspan="4">com.obsqura.ProjectServiceApp.HomePageTest</td><td><a href="#m15">verifyClickOnUserIconSignOut</a></td><td rowspan="1">1674618344685</td><td rowspan="1">1</td></tr><tr class="skippedeven"><td><a href="#m16">verifyClickOnreparationMoreInfo</a></td><td rowspan="1">1674618344692</td><td rowspan="1">0</td></tr><tr class="skippedeven"><td><a href="#m17">verifyclickOnAddReparation</a></td><td rowspan="1">1674618344699</td><td rowspan="1">2</td></tr><tr class="skippedeven"><td><a href="#m18">verifyclickOnSendEmail</a></td><td rowspan="1">1674618344705</td><td rowspan="1">0</td></tr><tr><th colspan="4">Test &#8212; passed</th></tr><tr class="passedeven"><td rowspan="3">com.obsqura.ProjectServiceApp.HomePageTest</td><td><a href="#m19">verifyClickOnClientMoreInfo</a></td><td rowspan="1">1674618311879</td><td rowspan="1">6499</td></tr><tr class="passedeven"><td><a href="#m20">verifyClickOnInventoryProductsMoreInfo</a></td><td rowspan="1">1674618324553</td><td rowspan="1">3190</td></tr><tr class="passedeven"><td><a href="#m21">verifyClickOnPlusIcon</a></td><td rowspan="1">1674618333781</td><td rowspan="1">2416</td></tr></tbody></table><h2>Test2</h2><h3 id="m0">com.obsqura.ProjectServiceApp.LoginPageTest#verifyLoginWithValidUserNameAndPassword</h3><table class="result"></table><p class="totop"><a href="#summary">back to summary</a></p><h2>Test</h2><h3 id="m1">com.obsqura.ProjectServiceApp.HomePageTest#browserQuit</h3><table class="result"><tr class="param"><th>Parameter #1</th></tr><tr class="param stripe"><td>[TestResult name=verifyClickOnSendSMS status=FAILURE method=HomePageTest.verifyClickOnSendSMS()[pri:0, instance:com.obsqura.ProjectServiceApp.HomePageTest@27c86f2d] output={null}]</td></tr><tr><th>Exception</th></tr><tr><td><div class="stacktrace">org.openqa.selenium.NoSuchWindowException: no such window: target window already closed
from unknown error: web view not found
  (Session info: chrome=109.0.5414.76)
Build info: version: &apos;4.4.0&apos;, revision: &apos;e5c75ed026a&apos;
System info: host: &apos;GLENN&apos;, ip: &apos;192.168.1.7&apos;, os.name: &apos;Windows 10&apos;, os.arch: &apos;amd64&apos;, os.version: &apos;10.0&apos;, java.version: &apos;1.8.0_261&apos;
Driver info: org.openqa.selenium.chrome.ChromeDriver
Command: [1c5ffacd3a88671cca8868cc52759cf0, screenshot {}]
Capabilities {acceptInsecureCerts: false, browserName: chrome, browserVersion: 109.0.5414.76, chrome: {chromedriverVersion: 109.0.5414.74 (e7c5703604da..., userDataDir: C:\Users\glenj\AppData\Loca...}, goog:chromeOptions: {debuggerAddress: localhost:59909}, networkConnectionEnabled: false, pageLoadStrategy: normal, platformName: WINDOWS, proxy: Proxy(), se:cdp: ws://localhost:59909/devtoo..., se:cdpVersion: 109.0.5414.76, setWindowRect: true, strictFileInteractability: false, timeouts: {implicit: 0, pageLoad: 300000, script: 30000}, unhandledPromptBehavior: dismiss and notify, webauthn:extension:credBlob: true, webauthn:extension:largeBlob: true, webauthn:virtualAuthenticators: true}
Session ID: 1c5ffacd3a88671cca8868cc52759cf0
	at org.openqa.selenium.remote.codec.w3c.W3CHttpResponseCodec.createException(W3CHttpResponseCodec.java:200)
	at org.openqa.selenium.remote.codec.w3c.W3CHttpResponseCodec.decode(W3CHttpResponseCodec.java:133)
	at org.openqa.selenium.remote.codec.w3c.W3CHttpResponseCodec.decode(W3CHttpResponseCodec.java:53)
	at org.openqa.selenium.remote.HttpCommandExecutor.execute(HttpCommandExecutor.java:184)
	at org.openqa.selenium.remote.service.DriverCommandExecutor.invokeExecute(DriverCommandExecutor.java:167)
	at org.openqa.selenium.remote.service.DriverCommandExecutor.execute(DriverCommandExecutor.java:142)
	at org.openqa.selenium.remote.RemoteWebDriver.execute(RemoteWebDriver.java:547)
	at org.openqa.selenium.remote.RemoteWebDriver.execute(RemoteWebDriver.java:602)
	at org.openqa.selenium.remote.RemoteWebDriver.execute(RemoteWebDriver.java:606)
	at org.openqa.selenium.remote.RemoteWebDriver.getScreenshotAs(RemoteWebDriver.java:331)
	at utilities.ScreenshotUtility.getScreenShot(ScreenshotUtility.java:16)
	at com.obsqura.ProjectServiceApp.Base.browserQuit(Base.java:75)
	at java.util.concurrent.FutureTask.run(Unknown Source)
	at java.util.concurrent.ThreadPoolExecutor.runWorker(Unknown Source)
	at java.util.concurrent.ThreadPoolExecutor$Worker.run(Unknown Source)
	at java.lang.Thread.run(Unknown Source)
... Removed 22 stack frames</div></td></tr></table><p class="totop"><a href="#summary">back to summary</a></p><h3 id="m2">com.obsqura.ProjectServiceApp.HomePageTest#verifyClickOnSendSMS</h3><table class="result"><tr><th>Exception</th></tr><tr><td><div class="stacktrace">org.openqa.selenium.NoSuchWindowException: no such window: target window already closed
from unknown error: web view not found
  (Session info: chrome=109.0.5414.76)
Build info: version: &apos;4.4.0&apos;, revision: &apos;e5c75ed026a&apos;
System info: host: &apos;GLENN&apos;, ip: &apos;192.168.1.7&apos;, os.name: &apos;Windows 10&apos;, os.arch: &apos;amd64&apos;, os.version: &apos;10.0&apos;, java.version: &apos;1.8.0_261&apos;
Driver info: org.openqa.selenium.chrome.ChromeDriver
Command: [1c5ffacd3a88671cca8868cc52759cf0, findElement {using=xpath, value=//li[@class=&apos;dropdown item-more&apos;]//child::a[@class=&apos;dropdown-toggle&apos;]}]
Capabilities {acceptInsecureCerts: false, browserName: chrome, browserVersion: 109.0.5414.76, chrome: {chromedriverVersion: 109.0.5414.74 (e7c5703604da..., userDataDir: C:\Users\glenj\AppData\Loca...}, goog:chromeOptions: {debuggerAddress: localhost:59909}, networkConnectionEnabled: false, pageLoadStrategy: normal, platformName: WINDOWS, proxy: Proxy(), se:cdp: ws://localhost:59909/devtoo..., se:cdpVersion: 109.0.5414.76, setWindowRect: true, strictFileInteractability: false, timeouts: {implicit: 0, pageLoad: 300000, script: 30000}, unhandledPromptBehavior: dismiss and notify, webauthn:extension:credBlob: true, webauthn:extension:largeBlob: true, webauthn:virtualAuthenticators: true}
Session ID: 1c5ffacd3a88671cca8868cc52759cf0
	at org.openqa.selenium.remote.codec.w3c.W3CHttpResponseCodec.createException(W3CHttpResponseCodec.java:200)
	at org.openqa.selenium.remote.codec.w3c.W3CHttpResponseCodec.decode(W3CHttpResponseCodec.java:133)
	at org.openqa.selenium.remote.codec.w3c.W3CHttpResponseCodec.decode(W3CHttpResponseCodec.java:53)
	at org.openqa.selenium.remote.HttpCommandExecutor.execute(HttpCommandExecutor.java:184)
	at org.openqa.selenium.remote.service.DriverCommandExecutor.invokeExecute(DriverCommandExecutor.java:167)
	at org.openqa.selenium.remote.service.DriverCommandExecutor.execute(DriverCommandExecutor.java:142)
	at org.openqa.selenium.remote.RemoteWebDriver.execute(RemoteWebDriver.java:547)
	at org.openqa.selenium.remote.ElementLocation$ElementFinder$2.findElement(ElementLocation.java:162)
	at org.openqa.selenium.remote.ElementLocation.findElement(ElementLocation.java:60)
	at org.openqa.selenium.remote.RemoteWebDriver.findElement(RemoteWebDriver.java:365)
	at org.openqa.selenium.remote.RemoteWebDriver.findElement(RemoteWebDriver.java:357)
	at org.openqa.selenium.support.pagefactory.DefaultElementLocator.findElement(DefaultElementLocator.java:70)
	at org.openqa.selenium.support.pagefactory.internal.LocatingElementHandler.invoke(LocatingElementHandler.java:39)
	at com.sun.proxy.$Proxy20.isDisplayed(Unknown Source)
	at pages.HomePage.clickOnPlusIcon(HomePage.java:80)
	at com.obsqura.ProjectServiceApp.HomePageTest.verifyClickOnSendSMS(HomePageTest.java:55)
	at java.util.concurrent.FutureTask.run(Unknown Source)
	at java.util.concurrent.ThreadPoolExecutor.runWorker(Unknown Source)
	at java.util.concurrent.ThreadPoolExecutor$Worker.run(Unknown Source)
	at java.lang.Thread.run(Unknown Source)
... Removed 20 stack frames</div></td></tr></table><p class="totop"><a href="#summary">back to summary</a></p><h3 id="m3">com.obsqura.ProjectServiceApp.HomePageTest#browserQuit</h3><table class="result"></table><p class="totop"><a href="#summary">back to summary</a></p><h3 id="m4">com.obsqura.ProjectServiceApp.HomePageTest#browserQuit</h3><table class="result"></table><p class="totop"><a href="#summary">back to summary</a></p><h3 id="m5">com.obsqura.ProjectServiceApp.HomePageTest#browserQuit</h3><table class="result"></table><p class="totop"><a href="#summary">back to summary</a></p><h3 id="m6">com.obsqura.ProjectServiceApp.HomePageTest#browserQuit</h3><table class="result"></table><p class="totop"><a href="#summary">back to summary</a></p><h3 id="m7">com.obsqura.ProjectServiceApp.HomePageTest#initialiseBrowser</h3><table class="result"></table><p class="totop"><a href="#summary">back to summary</a></p><h3 id="m8">com.obsqura.ProjectServiceApp.HomePageTest#initialiseBrowser</h3><table class="result"></table><p class="totop"><a href="#summary">back to summary</a></p><h3 id="m9">com.obsqura.ProjectServiceApp.HomePageTest#initialiseBrowser</h3><table class="result"></table><p class="totop"><a href="#summary">back to summary</a></p><h3 id="m10">com.obsqura.ProjectServiceApp.HomePageTest#initialiseBrowser</h3><table class="result"></table><p class="totop"><a href="#summary">back to summary</a></p><h3 id="m11">com.obsqura.ProjectServiceApp.HomePageTest#initializeBrowser</h3><table class="result"></table><p class="totop"><a href="#summary">back to summary</a></p><h3 id="m12">com.obsqura.ProjectServiceApp.HomePageTest#initializeBrowser</h3><table class="result"></table><p class="totop"><a href="#summary">back to summary</a></p><h3 id="m13">com.obsqura.ProjectServiceApp.HomePageTest#initializeBrowser</h3><table class="result"></table><p class="totop"><a href="#summary">back to summary</a></p><h3 id="m14">com.obsqura.ProjectServiceApp.HomePageTest#initializeBrowser</h3><table class="result"></table><p class="totop"><a href="#summary">back to summary</a></p><h3 id="m15">com.obsqura.ProjectServiceApp.HomePageTest#verifyClickOnUserIconSignOut</h3><table class="result"></table><p class="totop"><a href="#summary">back to summary</a></p><h3 id="m16">com.obsqura.ProjectServiceApp.HomePageTest#verifyClickOnreparationMoreInfo</h3><table class="result"></table><p class="totop"><a href="#summary">back to summary</a></p><h3 id="m17">com.obsqura.ProjectServiceApp.HomePageTest#verifyclickOnAddReparation</h3><table class="result"></table><p class="totop"><a href="#summary">back to summary</a></p><h3 id="m18">com.obsqura.ProjectServiceApp.HomePageTest#verifyclickOnSendEmail</h3><table class="result"></table><p class="totop"><a href="#summary">back to summary</a></p><h3 id="m19">com.obsqura.ProjectServiceApp.HomePageTest#verifyClickOnClientMoreInfo</h3><table class="result"></table><p class="totop"><a href="#summary">back to summary</a></p><h3 id="m20">com.obsqura.ProjectServiceApp.HomePageTest#verifyClickOnInventoryProductsMoreInfo</h3><table class="result"></table><p class="totop"><a href="#summary">back to summary</a></p><h3 id="m21">com.obsqura.ProjectServiceApp.HomePageTest#verifyClickOnPlusIcon</h3><table class="result"></table><p class="totop"><a href="#summary">back to summary</a></p></body></html>