<?xml version="1.0" encoding="UTF-8"?>
<!-- Generated by org.testng.reporters.JUnitXMLReporter -->
<testsuite hostname="GLENN" name="GroupingTest" tests="5" failures="5" timestamp="25 Jan 2023 03:07:33 GMT" time="3.824" errors="0">
  <testcase name="verifyClickOnInventoryProductsMoreInfo" time="3.444" classname="com.obsqura.ProjectServiceApp.HomePageTest">
    <failure type="java.lang.NullPointerException">
      <![CDATA[java.lang.NullPointerException
	at org.openqa.selenium.support.pagefactory.DefaultElementLocator.findElement(DefaultElementLocator.java:70)
	at org.openqa.selenium.support.pagefactory.internal.LocatingElementHandler.invoke(LocatingElementHandler.java:39)
	at com.sun.proxy.$Proxy12.sendKeys(Unknown Source)
	at utilities.PageUtility.enterText(PageUtility.java:14)
	at pages.LoginPage.loginWithValidUserNameAndPassword(LoginPage.java:34)
	at com.obsqura.ProjectServiceApp.HomePageTest.verifyClickOnInventoryProductsMoreInfo(HomePageTest.java:32)
... Removed 25 stack frames]]>
    </failure>
  </testcase> <!-- verifyClickOnInventoryProductsMoreInfo -->
  <testcase name="verifyClickOnSendSMS" time="0.096" classname="com.obsqura.ProjectServiceApp.HomePageTest">
    <failure type="java.lang.NullPointerException">
      <![CDATA[java.lang.NullPointerException
	at org.openqa.selenium.support.pagefactory.DefaultElementLocator.findElement(DefaultElementLocator.java:70)
	at org.openqa.selenium.support.pagefactory.internal.LocatingElementHandler.invoke(LocatingElementHandler.java:39)
	at com.sun.proxy.$Proxy12.sendKeys(Unknown Source)
	at utilities.PageUtility.enterText(PageUtility.java:14)
	at pages.LoginPage.loginWithValidUserNameAndPassword(LoginPage.java:34)
	at com.obsqura.ProjectServiceApp.HomePageTest.verifyClickOnSendSMS(HomePageTest.java:53)
... Removed 25 stack frames]]>
    </failure>
  </testcase> <!-- verifyClickOnSendSMS -->
  <testcase name="verifyClickOnUserIconSignOut" time="0.086" classname="com.obsqura.ProjectServiceApp.HomePageTest">
    <failure type="java.lang.NullPointerException">
      <![CDATA[java.lang.NullPointerException
	at org.openqa.selenium.support.pagefactory.DefaultElementLocator.findElement(DefaultElementLocator.java:70)
	at org.openqa.selenium.support.pagefactory.internal.LocatingElementHandler.invoke(LocatingElementHandler.java:39)
	at com.sun.proxy.$Proxy12.sendKeys(Unknown Source)
	at utilities.PageUtility.enterText(PageUtility.java:14)
	at pages.LoginPage.loginWithValidUserNameAndPassword(LoginPage.java:34)
	at com.obsqura.ProjectServiceApp.HomePageTest.verifyClickOnUserIconSignOut(HomePageTest.java:39)
... Removed 25 stack frames]]>
    </failure>
  </testcase> <!-- verifyClickOnUserIconSignOut -->
  <testcase name="verifyClickOnreparationMoreInfo" time="0.072" classname="com.obsqura.ProjectServiceApp.HomePageTest">
    <failure type="java.lang.NullPointerException">
      <![CDATA[java.lang.NullPointerException
	at org.openqa.selenium.support.pagefactory.DefaultElementLocator.findElement(DefaultElementLocator.java:70)
	at org.openqa.selenium.support.pagefactory.internal.LocatingElementHandler.invoke(LocatingElementHandler.java:39)
	at com.sun.proxy.$Proxy12.sendKeys(Unknown Source)
	at utilities.PageUtility.enterText(PageUtility.java:14)
	at pages.LoginPage.loginWithValidUserNameAndPassword(LoginPage.java:34)
	at com.obsqura.ProjectServiceApp.HomePageTest.verifyClickOnreparationMoreInfo(HomePageTest.java:18)
... Removed 25 stack frames]]>
    </failure>
  </testcase> <!-- verifyClickOnreparationMoreInfo -->
  <testcase name="verifyclickOnSendEmail" time="0.077" classname="com.obsqura.ProjectServiceApp.HomePageTest">
    <failure type="java.lang.NullPointerException">
      <![CDATA[java.lang.NullPointerException
	at org.openqa.selenium.support.pagefactory.DefaultElementLocator.findElement(DefaultElementLocator.java:70)
	at org.openqa.selenium.support.pagefactory.internal.LocatingElementHandler.invoke(LocatingElementHandler.java:39)
	at com.sun.proxy.$Proxy12.sendKeys(Unknown Source)
	at utilities.PageUtility.enterText(PageUtility.java:14)
	at pages.LoginPage.loginWithValidUserNameAndPassword(LoginPage.java:34)
	at com.obsqura.ProjectServiceApp.HomePageTest.verifyclickOnSendEmail(HomePageTest.java:61)
... Removed 25 stack frames]]>
    </failure>
  </testcase> <!-- verifyclickOnSendEmail -->
</testsuite> <!-- GroupingTest -->
