<html>
<head>
<title>TestNG:  Test</title>
<link href="../testng.css" rel="stylesheet" type="text/css" />
<link href="../my-testng.css" rel="stylesheet" type="text/css" />

<style type="text/css">
.log { display: none;} 
.stack-trace { display: none;} 
</style>
<script type="text/javascript">
<!--
function flip(e) {
  current = e.style.display;
  if (current == 'block') {
    e.style.display = 'none';
    return 0;
  }
  else {
    e.style.display = 'block';
    return 1;
  }
}

function toggleBox(szDivId, elem, msg1, msg2)
{
  var res = -1;  if (document.getElementById) {
    res = flip(document.getElementById(szDivId));
  }
  else if (document.all) {
    // this is the way old msie versions work
    res = flip(document.all[szDivId]);
  }
  if(elem) {
    if(res == 0) elem.innerHTML = msg1; else elem.innerHTML = msg2;
  }

}

function toggleAllBoxes() {
  if (document.getElementsByTagName) {
    d = document.getElementsByTagName('div');
    for (i = 0; i < d.length; i++) {
      if (d[i].className == 'log') {
        flip(d[i]);
      }
    }
  }
}

// -->
</script>

</head>
<body>
<h2 align='center'>Test</h2><table border='1' align="center">
<tr>
<td>Tests passed/Failed/Skipped:</td><td>3/1/4</td>
</tr><tr>
<td>Started on:</td><td>Wed Jan 25 09:15:03 IST 2023</td>
</tr>
<tr><td>Total time:</td><td>41 seconds (41286 ms)</td>
</tr><tr>
<td>Included groups:</td><td></td>
</tr><tr>
<td>Excluded groups:</td><td></td>
</tr>
</table><p/>
<small><i>(Hover the method name to see the test class name)</i></small><p/>
<table width='100%' border='1' class='invocation-failed'>
<tr><td colspan='4' align='center'><b>FAILED CONFIGURATIONS</b></td></tr>
<tr><td><b>Test method</b></td>
<td width="30%"><b>Exception</b></td>
<td width="10%"><b>Time (seconds)</b></td>
<td><b>Instance</b></td>
</tr>
<tr>
<td title='com.obsqura.ProjectServiceApp.HomePageTest.browserQuit()'><b>browserQuit</b><br>Test class: com.obsqura.ProjectServiceApp.HomePageTest<br>Parameters: [TestResult name=verifyClickOnSendSMS status=FAILURE method=HomePageTest.verifyClickOnSendSMS()[pri:0, instance:com.obsqura.ProjectServiceApp.HomePageTest@27c86f2d] output={null}]</td>
<td><div><pre>org.openqa.selenium.NoSuchWindowException: no such window: target window already closed
from unknown error: web view not found
  (Session info: chrome=109.0.5414.76)
Build info: version: &apos;4.4.0&apos;, revision: &apos;e5c75ed026a&apos;
System info: host: &apos;GLENN&apos;, ip: &apos;192.168.1.7&apos;, os.name: &apos;Windows 10&apos;, os.arch: &apos;amd64&apos;, os.version: &apos;10.0&apos;, java.version: &apos;1.8.0_261&apos;
Driver info: org.openqa.selenium.chrome.ChromeDriver
Command: [1c5ffacd3a88671cca8868cc52759cf0, screenshot {}]
Capabilities {acceptInsecureCerts: false, browserName: chrome, browserVersion: 109.0.5414.76, chrome: {chromedriverVersion: 109.0.5414.74 (e7c5703604da..., userDataDir: C:\Users\glenj\AppData\Loca...}, goog:chromeOptions: {debuggerAddress: localhost:59909}, networkConnectionEnabled: false, pageLoadStrategy: normal, platformName: WINDOWS, proxy: Proxy(), se:cdp: ws://localhost:59909/devtoo..., se:cdpVersion: 109.0.5414.76, setWindowRect: true, strictFileInteractability: false, timeouts: {implicit: 0, pageLoad: 300000, script: 30000}, unhandledPromptBehavior: dismiss and notify, webauthn:extension:credBlob: true, webauthn:extension:largeBlob: true, webauthn:virtualAuthenticators: true}
Session ID: 1c5ffacd3a88671cca8868cc52759cf0
	at org.openqa.selenium.remote.codec.w3c.W3CHttpResponseCodec.createException(W3CHttpResponseCodec.java:200)
	at org.openqa.selenium.remote.codec.w3c.W3CHttpResponseCodec.decode(W3CHttpResponseCodec.java:133)
	at org.openqa.selenium.remote.codec.w3c.W3CHttpResponseCodec.decode(W3CHttpResponseCodec.java:53)
	at org.openqa.selenium.remote.HttpCommandExecutor.execute(HttpCommandExecutor.java:184)
	at org.openqa.selenium.remote.service.DriverCommandExecutor.invokeExecute(DriverCommandExecutor.java:167)
	at org.openqa.selenium.remote.service.DriverCommandExecutor.execute(DriverCommandExecutor.java:142)
	at org.openqa.selenium.remote.RemoteWebDriver.execute(RemoteWebDriver.java:547)
	at org.openqa.selenium.remote.RemoteWebDriver.execute(RemoteWebDriver.java:602)
	at org.openqa.selenium.remote.RemoteWebDriver.execute(RemoteWebDriver.java:606)
	at org.openqa.selenium.remote.RemoteWebDriver.getScreenshotAs(RemoteWebDriver.java:331)
	at utilities.ScreenshotUtility.getScreenShot(ScreenshotUtility.java:16)
	at com.obsqura.ProjectServiceApp.Base.browserQuit(Base.java:75)
	at java.util.concurrent.FutureTask.run(Unknown Source)
	at java.util.concurrent.ThreadPoolExecutor.runWorker(Unknown Source)
	at java.util.concurrent.ThreadPoolExecutor$Worker.run(Unknown Source)
	at java.lang.Thread.run(Unknown Source)
... Removed 22 stack frames</pre></div><a href='#' onClick='toggleBox("stack-trace1574558129", this, "Click to show all stack frames", "Click to hide stack frames")'>Click to show all stack frames</a>
<div class='stack-trace' id='stack-trace1574558129'><pre>org.openqa.selenium.NoSuchWindowException: no such window: target window already closed
from unknown error: web view not found
  (Session info: chrome=109.0.5414.76)
Build info: version: &apos;4.4.0&apos;, revision: &apos;e5c75ed026a&apos;
System info: host: &apos;GLENN&apos;, ip: &apos;192.168.1.7&apos;, os.name: &apos;Windows 10&apos;, os.arch: &apos;amd64&apos;, os.version: &apos;10.0&apos;, java.version: &apos;1.8.0_261&apos;
Driver info: org.openqa.selenium.chrome.ChromeDriver
Command: [1c5ffacd3a88671cca8868cc52759cf0, screenshot {}]
Capabilities {acceptInsecureCerts: false, browserName: chrome, browserVersion: 109.0.5414.76, chrome: {chromedriverVersion: 109.0.5414.74 (e7c5703604da..., userDataDir: C:\Users\glenj\AppData\Loca...}, goog:chromeOptions: {debuggerAddress: localhost:59909}, networkConnectionEnabled: false, pageLoadStrategy: normal, platformName: WINDOWS, proxy: Proxy(), se:cdp: ws://localhost:59909/devtoo..., se:cdpVersion: 109.0.5414.76, setWindowRect: true, strictFileInteractability: false, timeouts: {implicit: 0, pageLoad: 300000, script: 30000}, unhandledPromptBehavior: dismiss and notify, webauthn:extension:credBlob: true, webauthn:extension:largeBlob: true, webauthn:virtualAuthenticators: true}
Session ID: 1c5ffacd3a88671cca8868cc52759cf0
	at sun.reflect.NativeConstructorAccessorImpl.newInstance0(Native Method)
	at sun.reflect.NativeConstructorAccessorImpl.newInstance(Unknown Source)
	at sun.reflect.DelegatingConstructorAccessorImpl.newInstance(Unknown Source)
	at java.lang.reflect.Constructor.newInstance(Unknown Source)
	at org.openqa.selenium.remote.codec.w3c.W3CHttpResponseCodec.createException(W3CHttpResponseCodec.java:200)
	at org.openqa.selenium.remote.codec.w3c.W3CHttpResponseCodec.decode(W3CHttpResponseCodec.java:133)
	at org.openqa.selenium.remote.codec.w3c.W3CHttpResponseCodec.decode(W3CHttpResponseCodec.java:53)
	at org.openqa.selenium.remote.HttpCommandExecutor.execute(HttpCommandExecutor.java:184)
	at org.openqa.selenium.remote.service.DriverCommandExecutor.invokeExecute(DriverCommandExecutor.java:167)
	at org.openqa.selenium.remote.service.DriverCommandExecutor.execute(DriverCommandExecutor.java:142)
	at org.openqa.selenium.remote.RemoteWebDriver.execute(RemoteWebDriver.java:547)
	at org.openqa.selenium.remote.RemoteWebDriver.execute(RemoteWebDriver.java:602)
	at org.openqa.selenium.remote.RemoteWebDriver.execute(RemoteWebDriver.java:606)
	at org.openqa.selenium.remote.RemoteWebDriver.getScreenshotAs(RemoteWebDriver.java:331)
	at utilities.ScreenshotUtility.getScreenShot(ScreenshotUtility.java:16)
	at com.obsqura.ProjectServiceApp.Base.browserQuit(Base.java:75)
	at sun.reflect.NativeMethodAccessorImpl.invoke0(Native Method)
	at sun.reflect.NativeMethodAccessorImpl.invoke(Unknown Source)
	at sun.reflect.DelegatingMethodAccessorImpl.invoke(Unknown Source)
	at java.lang.reflect.Method.invoke(Unknown Source)
	at org.testng.internal.MethodInvocationHelper.invokeMethod(MethodInvocationHelper.java:86)
	at org.testng.internal.Invoker.invokeConfigurationMethod(Invoker.java:515)
	at org.testng.internal.Invoker.invokeConfigurations(Invoker.java:216)
	at org.testng.internal.Invoker.invokeMethod(Invoker.java:712)
	at org.testng.internal.Invoker.invokeTestMethod(Invoker.java:823)
	at org.testng.internal.Invoker.invokeTestMethods(Invoker.java:1131)
	at org.testng.internal.TestMethodWorker.invokeTestMethods(TestMethodWorker.java:129)
	at org.testng.internal.TestMethodWorker.run(TestMethodWorker.java:112)
	at org.testng.TestRunner.privateRun(TestRunner.java:778)
	at org.testng.TestRunner.run(TestRunner.java:632)
	at org.testng.SuiteRunner.runTest(SuiteRunner.java:366)
	at org.testng.SuiteRunner.access$000(SuiteRunner.java:39)
	at org.testng.SuiteRunner$SuiteWorker.run(SuiteRunner.java:400)
	at org.testng.internal.thread.ThreadUtil$2.call(ThreadUtil.java:64)
	at java.util.concurrent.FutureTask.run(Unknown Source)
	at java.util.concurrent.ThreadPoolExecutor.runWorker(Unknown Source)
	at java.util.concurrent.ThreadPoolExecutor$Worker.run(Unknown Source)
	at java.lang.Thread.run(Unknown Source)
</pre></div></td>
<td>0</td>
<td>com.obsqura.ProjectServiceApp.HomePageTest@27c86f2d</td></tr>
</table><p>
<table width='100%' border='1' class='invocation-skipped'>
<tr><td colspan='4' align='center'><b>SKIPPED CONFIGURATIONS</b></td></tr>
<tr><td><b>Test method</b></td>
<td width="30%"><b>Exception</b></td>
<td width="10%"><b>Time (seconds)</b></td>
<td><b>Instance</b></td>
</tr>
<tr>
<td title='com.obsqura.ProjectServiceApp.HomePageTest.initialiseBrowser()'><b>initialiseBrowser</b><br>Test class: com.obsqura.ProjectServiceApp.HomePageTest</td>
<td></td>
<td>0</td>
<td>com.obsqura.ProjectServiceApp.HomePageTest@27c86f2d</td></tr>
<tr>
<td title='com.obsqura.ProjectServiceApp.HomePageTest.initializeBrowser()'><b>initializeBrowser</b><br>Test class: com.obsqura.ProjectServiceApp.HomePageTest</td>
<td></td>
<td>0</td>
<td>com.obsqura.ProjectServiceApp.HomePageTest@27c86f2d</td></tr>
<tr>
<td title='com.obsqura.ProjectServiceApp.HomePageTest.initialiseBrowser()'><b>initialiseBrowser</b><br>Test class: com.obsqura.ProjectServiceApp.HomePageTest</td>
<td></td>
<td>0</td>
<td>com.obsqura.ProjectServiceApp.HomePageTest@27c86f2d</td></tr>
<tr>
<td title='com.obsqura.ProjectServiceApp.HomePageTest.initializeBrowser()'><b>initializeBrowser</b><br>Test class: com.obsqura.ProjectServiceApp.HomePageTest</td>
<td></td>
<td>0</td>
<td>com.obsqura.ProjectServiceApp.HomePageTest@27c86f2d</td></tr>
<tr>
<td title='com.obsqura.ProjectServiceApp.HomePageTest.initialiseBrowser()'><b>initialiseBrowser</b><br>Test class: com.obsqura.ProjectServiceApp.HomePageTest</td>
<td></td>
<td>0</td>
<td>com.obsqura.ProjectServiceApp.HomePageTest@27c86f2d</td></tr>
<tr>
<td title='com.obsqura.ProjectServiceApp.HomePageTest.initializeBrowser()'><b>initializeBrowser</b><br>Test class: com.obsqura.ProjectServiceApp.HomePageTest</td>
<td></td>
<td>0</td>
<td>com.obsqura.ProjectServiceApp.HomePageTest@27c86f2d</td></tr>
<tr>
<td title='com.obsqura.ProjectServiceApp.HomePageTest.initialiseBrowser()'><b>initialiseBrowser</b><br>Test class: com.obsqura.ProjectServiceApp.HomePageTest</td>
<td></td>
<td>0</td>
<td>com.obsqura.ProjectServiceApp.HomePageTest@27c86f2d</td></tr>
<tr>
<td title='com.obsqura.ProjectServiceApp.HomePageTest.initializeBrowser()'><b>initializeBrowser</b><br>Test class: com.obsqura.ProjectServiceApp.HomePageTest</td>
<td></td>
<td>0</td>
<td>com.obsqura.ProjectServiceApp.HomePageTest@27c86f2d</td></tr>
<tr>
<td title='com.obsqura.ProjectServiceApp.HomePageTest.browserQuit()'><b>browserQuit</b><br>Test class: com.obsqura.ProjectServiceApp.HomePageTest</td>
<td></td>
<td>0</td>
<td>com.obsqura.ProjectServiceApp.HomePageTest@27c86f2d</td></tr>
<tr>
<td title='com.obsqura.ProjectServiceApp.HomePageTest.browserQuit()'><b>browserQuit</b><br>Test class: com.obsqura.ProjectServiceApp.HomePageTest</td>
<td></td>
<td>0</td>
<td>com.obsqura.ProjectServiceApp.HomePageTest@27c86f2d</td></tr>
<tr>
<td title='com.obsqura.ProjectServiceApp.HomePageTest.browserQuit()'><b>browserQuit</b><br>Test class: com.obsqura.ProjectServiceApp.HomePageTest</td>
<td></td>
<td>0</td>
<td>com.obsqura.ProjectServiceApp.HomePageTest@27c86f2d</td></tr>
<tr>
<td title='com.obsqura.ProjectServiceApp.HomePageTest.browserQuit()'><b>browserQuit</b><br>Test class: com.obsqura.ProjectServiceApp.HomePageTest</td>
<td></td>
<td>0</td>
<td>com.obsqura.ProjectServiceApp.HomePageTest@27c86f2d</td></tr>
</table><p>
<table width='100%' border='1' class='invocation-failed'>
<tr><td colspan='4' align='center'><b>FAILED TESTS</b></td></tr>
<tr><td><b>Test method</b></td>
<td width="30%"><b>Exception</b></td>
<td width="10%"><b>Time (seconds)</b></td>
<td><b>Instance</b></td>
</tr>
<tr>
<td title='com.obsqura.ProjectServiceApp.HomePageTest.verifyClickOnSendSMS()'><b>verifyClickOnSendSMS</b><br>Test class: com.obsqura.ProjectServiceApp.HomePageTest</td>
<td><div><pre>org.openqa.selenium.NoSuchWindowException: no such window: target window already closed
from unknown error: web view not found
  (Session info: chrome=109.0.5414.76)
Build info: version: &apos;4.4.0&apos;, revision: &apos;e5c75ed026a&apos;
System info: host: &apos;GLENN&apos;, ip: &apos;192.168.1.7&apos;, os.name: &apos;Windows 10&apos;, os.arch: &apos;amd64&apos;, os.version: &apos;10.0&apos;, java.version: &apos;1.8.0_261&apos;
Driver info: org.openqa.selenium.chrome.ChromeDriver
Command: [1c5ffacd3a88671cca8868cc52759cf0, findElement {using=xpath, value=//li[@class=&apos;dropdown item-more&apos;]//child::a[@class=&apos;dropdown-toggle&apos;]}]
Capabilities {acceptInsecureCerts: false, browserName: chrome, browserVersion: 109.0.5414.76, chrome: {chromedriverVersion: 109.0.5414.74 (e7c5703604da..., userDataDir: C:\Users\glenj\AppData\Loca...}, goog:chromeOptions: {debuggerAddress: localhost:59909}, networkConnectionEnabled: false, pageLoadStrategy: normal, platformName: WINDOWS, proxy: Proxy(), se:cdp: ws://localhost:59909/devtoo..., se:cdpVersion: 109.0.5414.76, setWindowRect: true, strictFileInteractability: false, timeouts: {implicit: 0, pageLoad: 300000, script: 30000}, unhandledPromptBehavior: dismiss and notify, webauthn:extension:credBlob: true, webauthn:extension:largeBlob: true, webauthn:virtualAuthenticators: true}
Session ID: 1c5ffacd3a88671cca8868cc52759cf0
	at org.openqa.selenium.remote.codec.w3c.W3CHttpResponseCodec.createException(W3CHttpResponseCodec.java:200)
	at org.openqa.selenium.remote.codec.w3c.W3CHttpResponseCodec.decode(W3CHttpResponseCodec.java:133)
	at org.openqa.selenium.remote.codec.w3c.W3CHttpResponseCodec.decode(W3CHttpResponseCodec.java:53)
	at org.openqa.selenium.remote.HttpCommandExecutor.execute(HttpCommandExecutor.java:184)
	at org.openqa.selenium.remote.service.DriverCommandExecutor.invokeExecute(DriverCommandExecutor.java:167)
	at org.openqa.selenium.remote.service.DriverCommandExecutor.execute(DriverCommandExecutor.java:142)
	at org.openqa.selenium.remote.RemoteWebDriver.execute(RemoteWebDriver.java:547)
	at org.openqa.selenium.remote.ElementLocation$ElementFinder$2.findElement(ElementLocation.java:162)
	at org.openqa.selenium.remote.ElementLocation.findElement(ElementLocation.java:60)
	at org.openqa.selenium.remote.RemoteWebDriver.findElement(RemoteWebDriver.java:365)
	at org.openqa.selenium.remote.RemoteWebDriver.findElement(RemoteWebDriver.java:357)
	at org.openqa.selenium.support.pagefactory.DefaultElementLocator.findElement(DefaultElementLocator.java:70)
	at org.openqa.selenium.support.pagefactory.internal.LocatingElementHandler.invoke(LocatingElementHandler.java:39)
	at com.sun.proxy.$Proxy20.isDisplayed(Unknown Source)
	at pages.HomePage.clickOnPlusIcon(HomePage.java:80)
	at com.obsqura.ProjectServiceApp.HomePageTest.verifyClickOnSendSMS(HomePageTest.java:55)
	at java.util.concurrent.FutureTask.run(Unknown Source)
	at java.util.concurrent.ThreadPoolExecutor.runWorker(Unknown Source)
	at java.util.concurrent.ThreadPoolExecutor$Worker.run(Unknown Source)
	at java.lang.Thread.run(Unknown Source)
... Removed 20 stack frames</pre></div><a href='#' onClick='toggleBox("stack-trace1369858613", this, "Click to show all stack frames", "Click to hide stack frames")'>Click to show all stack frames</a>
<div class='stack-trace' id='stack-trace1369858613'><pre>org.openqa.selenium.NoSuchWindowException: no such window: target window already closed
from unknown error: web view not found
  (Session info: chrome=109.0.5414.76)
Build info: version: &apos;4.4.0&apos;, revision: &apos;e5c75ed026a&apos;
System info: host: &apos;GLENN&apos;, ip: &apos;192.168.1.7&apos;, os.name: &apos;Windows 10&apos;, os.arch: &apos;amd64&apos;, os.version: &apos;10.0&apos;, java.version: &apos;1.8.0_261&apos;
Driver info: org.openqa.selenium.chrome.ChromeDriver
Command: [1c5ffacd3a88671cca8868cc52759cf0, findElement {using=xpath, value=//li[@class=&apos;dropdown item-more&apos;]//child::a[@class=&apos;dropdown-toggle&apos;]}]
Capabilities {acceptInsecureCerts: false, browserName: chrome, browserVersion: 109.0.5414.76, chrome: {chromedriverVersion: 109.0.5414.74 (e7c5703604da..., userDataDir: C:\Users\glenj\AppData\Loca...}, goog:chromeOptions: {debuggerAddress: localhost:59909}, networkConnectionEnabled: false, pageLoadStrategy: normal, platformName: WINDOWS, proxy: Proxy(), se:cdp: ws://localhost:59909/devtoo..., se:cdpVersion: 109.0.5414.76, setWindowRect: true, strictFileInteractability: false, timeouts: {implicit: 0, pageLoad: 300000, script: 30000}, unhandledPromptBehavior: dismiss and notify, webauthn:extension:credBlob: true, webauthn:extension:largeBlob: true, webauthn:virtualAuthenticators: true}
Session ID: 1c5ffacd3a88671cca8868cc52759cf0
	at sun.reflect.NativeConstructorAccessorImpl.newInstance0(Native Method)
	at sun.reflect.NativeConstructorAccessorImpl.newInstance(Unknown Source)
	at sun.reflect.DelegatingConstructorAccessorImpl.newInstance(Unknown Source)
	at java.lang.reflect.Constructor.newInstance(Unknown Source)
	at org.openqa.selenium.remote.codec.w3c.W3CHttpResponseCodec.createException(W3CHttpResponseCodec.java:200)
	at org.openqa.selenium.remote.codec.w3c.W3CHttpResponseCodec.decode(W3CHttpResponseCodec.java:133)
	at org.openqa.selenium.remote.codec.w3c.W3CHttpResponseCodec.decode(W3CHttpResponseCodec.java:53)
	at org.openqa.selenium.remote.HttpCommandExecutor.execute(HttpCommandExecutor.java:184)
	at org.openqa.selenium.remote.service.DriverCommandExecutor.invokeExecute(DriverCommandExecutor.java:167)
	at org.openqa.selenium.remote.service.DriverCommandExecutor.execute(DriverCommandExecutor.java:142)
	at org.openqa.selenium.remote.RemoteWebDriver.execute(RemoteWebDriver.java:547)
	at org.openqa.selenium.remote.ElementLocation$ElementFinder$2.findElement(ElementLocation.java:162)
	at org.openqa.selenium.remote.ElementLocation.findElement(ElementLocation.java:60)
	at org.openqa.selenium.remote.RemoteWebDriver.findElement(RemoteWebDriver.java:365)
	at org.openqa.selenium.remote.RemoteWebDriver.findElement(RemoteWebDriver.java:357)
	at org.openqa.selenium.support.pagefactory.DefaultElementLocator.findElement(DefaultElementLocator.java:70)
	at org.openqa.selenium.support.pagefactory.internal.LocatingElementHandler.invoke(LocatingElementHandler.java:39)
	at com.sun.proxy.$Proxy20.isDisplayed(Unknown Source)
	at pages.HomePage.clickOnPlusIcon(HomePage.java:80)
	at com.obsqura.ProjectServiceApp.HomePageTest.verifyClickOnSendSMS(HomePageTest.java:55)
	at sun.reflect.NativeMethodAccessorImpl.invoke0(Native Method)
	at sun.reflect.NativeMethodAccessorImpl.invoke(Unknown Source)
	at sun.reflect.DelegatingMethodAccessorImpl.invoke(Unknown Source)
	at java.lang.reflect.Method.invoke(Unknown Source)
	at org.testng.internal.MethodInvocationHelper.invokeMethod(MethodInvocationHelper.java:86)
	at org.testng.internal.Invoker.invokeMethod(Invoker.java:646)
	at org.testng.internal.Invoker.invokeTestMethod(Invoker.java:823)
	at org.testng.internal.Invoker.invokeTestMethods(Invoker.java:1131)
	at org.testng.internal.TestMethodWorker.invokeTestMethods(TestMethodWorker.java:129)
	at org.testng.internal.TestMethodWorker.run(TestMethodWorker.java:112)
	at org.testng.TestRunner.privateRun(TestRunner.java:778)
	at org.testng.TestRunner.run(TestRunner.java:632)
	at org.testng.SuiteRunner.runTest(SuiteRunner.java:366)
	at org.testng.SuiteRunner.access$000(SuiteRunner.java:39)
	at org.testng.SuiteRunner$SuiteWorker.run(SuiteRunner.java:400)
	at org.testng.internal.thread.ThreadUtil$2.call(ThreadUtil.java:64)
	at java.util.concurrent.FutureTask.run(Unknown Source)
	at java.util.concurrent.ThreadPoolExecutor.runWorker(Unknown Source)
	at java.util.concurrent.ThreadPoolExecutor$Worker.run(Unknown Source)
	at java.lang.Thread.run(Unknown Source)
</pre></div></td>
<td>2</td>
<td>com.obsqura.ProjectServiceApp.HomePageTest@27c86f2d</td></tr>
</table><p>
<table width='100%' border='1' class='invocation-passed'>
<tr><td colspan='4' align='center'><b>PASSED TESTS</b></td></tr>
<tr><td><b>Test method</b></td>
<td width="30%"><b>Exception</b></td>
<td width="10%"><b>Time (seconds)</b></td>
<td><b>Instance</b></td>
</tr>
<tr>
<td title='com.obsqura.ProjectServiceApp.HomePageTest.verifyClickOnClientMoreInfo()'><b>verifyClickOnClientMoreInfo</b><br>Test class: com.obsqura.ProjectServiceApp.HomePageTest</td>
<td></td>
<td>6</td>
<td>com.obsqura.ProjectServiceApp.HomePageTest@27c86f2d</td></tr>
<tr>
<td title='com.obsqura.ProjectServiceApp.HomePageTest.verifyClickOnInventoryProductsMoreInfo()'><b>verifyClickOnInventoryProductsMoreInfo</b><br>Test class: com.obsqura.ProjectServiceApp.HomePageTest</td>
<td></td>
<td>3</td>
<td>com.obsqura.ProjectServiceApp.HomePageTest@27c86f2d</td></tr>
<tr>
<td title='com.obsqura.ProjectServiceApp.HomePageTest.verifyClickOnPlusIcon()'><b>verifyClickOnPlusIcon</b><br>Test class: com.obsqura.ProjectServiceApp.HomePageTest</td>
<td></td>
<td>2</td>
<td>com.obsqura.ProjectServiceApp.HomePageTest@27c86f2d</td></tr>
</table><p>
<table width='100%' border='1' class='invocation-skipped'>
<tr><td colspan='4' align='center'><b>SKIPPED TESTS</b></td></tr>
<tr><td><b>Test method</b></td>
<td width="30%"><b>Exception</b></td>
<td width="10%"><b>Time (seconds)</b></td>
<td><b>Instance</b></td>
</tr>
<tr>
<td title='com.obsqura.ProjectServiceApp.HomePageTest.verifyClickOnUserIconSignOut()'><b>verifyClickOnUserIconSignOut</b><br>Test class: com.obsqura.ProjectServiceApp.HomePageTest</td>
<td></td>
<td>0</td>
<td>com.obsqura.ProjectServiceApp.HomePageTest@27c86f2d</td></tr>
<tr>
<td title='com.obsqura.ProjectServiceApp.HomePageTest.verifyClickOnreparationMoreInfo()'><b>verifyClickOnreparationMoreInfo</b><br>Test class: com.obsqura.ProjectServiceApp.HomePageTest</td>
<td></td>
<td>0</td>
<td>com.obsqura.ProjectServiceApp.HomePageTest@27c86f2d</td></tr>
<tr>
<td title='com.obsqura.ProjectServiceApp.HomePageTest.verifyclickOnAddReparation()'><b>verifyclickOnAddReparation</b><br>Test class: com.obsqura.ProjectServiceApp.HomePageTest</td>
<td></td>
<td>0</td>
<td>com.obsqura.ProjectServiceApp.HomePageTest@27c86f2d</td></tr>
<tr>
<td title='com.obsqura.ProjectServiceApp.HomePageTest.verifyclickOnSendEmail()'><b>verifyclickOnSendEmail</b><br>Test class: com.obsqura.ProjectServiceApp.HomePageTest</td>
<td></td>
<td>0</td>
<td>com.obsqura.ProjectServiceApp.HomePageTest@27c86f2d</td></tr>
</table><p>
</body>
</html>