<?xml version="1.0" encoding="UTF-8"?>
<!-- Generated by org.testng.reporters.JUnitReportReporter -->
<testsuite hostname="GLENN" name="com.obsqura.ProjectServiceApp.CustomersPageTest" tests="11" failures="0" timestamp="24 Jan 2023 16:08:12 GMT" time="177.993" errors="1">
  <testcase name="verifyClickOnViewClientOptionFromDropdown" time="14.727" classname="com.obsqura.ProjectServiceApp.CustomersPageTest"/>
  <testcase name="verifyClickOnDeleteClientOptionFromDropdown" time="16.826" classname="com.obsqura.ProjectServiceApp.CustomersPageTest"/>
  <testcase name="verifyClickOnActionButtonCustomerPage" time="14.348" classname="com.obsqura.ProjectServiceApp.CustomersPageTest">
    <error type="org.openqa.selenium.ElementClickInterceptedException" message="element click intercepted: Element &lt;a data-toggle=&quot;dropdown&quot; class=&quot;dropdown-toggle btn-round btn btn-default&quot; href=&quot;#&quot; style=&quot;padding: 7px 10px!important&quot;&gt;...&lt;/a&gt; is not clickable at point (1503, 126). Other element would receive the click: &lt;div id=&quot;loadingmessage&quot; class=&quot;loader&quot; style=&quot;&quot;&gt;&lt;/div&gt;
  (Session info: chrome=109.0.5414.75)
Build info: version: &#039;4.4.0&#039;, revision: &#039;e5c75ed026a&#039;
System info: host: &#039;GLENN&#039;, ip: &#039;192.168.1.7&#039;, os.name: &#039;Windows 10&#039;, os.arch: &#039;amd64&#039;, os.version: &#039;10.0&#039;, java.version: &#039;1.8.0_261&#039;
Driver info: org.openqa.selenium.chrome.ChromeDriver
Command: [32f6f9aebec6c5dcf1c821666887c026, clickElement {id=09dc06d2-7018-46e9-b337-356a548e8837}]
Capabilities {acceptInsecureCerts: false, browserName: chrome, browserVersion: 109.0.5414.75, chrome: {chromedriverVersion: 109.0.5414.74 (e7c5703604da..., userDataDir: C:\Users\glenj\AppData\Loca...}, goog:chromeOptions: {debuggerAddress: localhost:54702}, networkConnectionEnabled: false, pageLoadStrategy: normal, platformName: WINDOWS, proxy: Proxy(), se:cdp: ws://localhost:54702/devtoo..., se:cdpVersion: 109.0.5414.75, setWindowRect: true, strictFileInteractability: false, timeouts: {implicit: 0, pageLoad: 300000, script: 30000}, unhandledPromptBehavior: dismiss and notify, webauthn:extension:credBlob: true, webauthn:extension:largeBlob: true, webauthn:virtualAuthenticators: true}
Element: [[ChromeDriver: chrome on WINDOWS (32f6f9aebec6c5dcf1c821666887c026)] -&gt; xpath: //a[@data-toggle=&#039;dropdown&#039;and@class=&#039;dropdown-toggle btn-round btn btn-default&#039;]]
Session ID: 32f6f9aebec6c5dcf1c821666887c026">
      <![CDATA[org.openqa.selenium.ElementClickInterceptedException: element click intercepted: Element <a data-toggle="dropdown" class="dropdown-toggle btn-round btn btn-default" href="#" style="padding: 7px 10px!important">...</a> is not clickable at point (1503, 126). Other element would receive the click: <div id="loadingmessage" class="loader" style=""></div>
  (Session info: chrome=109.0.5414.75)
Build info: version: '4.4.0', revision: 'e5c75ed026a'
System info: host: 'GLENN', ip: '192.168.1.7', os.name: 'Windows 10', os.arch: 'amd64', os.version: '10.0', java.version: '1.8.0_261'
Driver info: org.openqa.selenium.chrome.ChromeDriver
Command: [32f6f9aebec6c5dcf1c821666887c026, clickElement {id=09dc06d2-7018-46e9-b337-356a548e8837}]
Capabilities {acceptInsecureCerts: false, browserName: chrome, browserVersion: 109.0.5414.75, chrome: {chromedriverVersion: 109.0.5414.74 (e7c5703604da..., userDataDir: C:\Users\glenj\AppData\Loca...}, goog:chromeOptions: {debuggerAddress: localhost:54702}, networkConnectionEnabled: false, pageLoadStrategy: normal, platformName: WINDOWS, proxy: Proxy(), se:cdp: ws://localhost:54702/devtoo..., se:cdpVersion: 109.0.5414.75, setWindowRect: true, strictFileInteractability: false, timeouts: {implicit: 0, pageLoad: 300000, script: 30000}, unhandledPromptBehavior: dismiss and notify, webauthn:extension:credBlob: true, webauthn:extension:largeBlob: true, webauthn:virtualAuthenticators: true}
Element: [[ChromeDriver: chrome on WINDOWS (32f6f9aebec6c5dcf1c821666887c026)] -> xpath: //a[@data-toggle='dropdown'and@class='dropdown-toggle btn-round btn btn-default']]
Session ID: 32f6f9aebec6c5dcf1c821666887c026
	at sun.reflect.NativeConstructorAccessorImpl.newInstance0(Native Method)
	at sun.reflect.NativeConstructorAccessorImpl.newInstance(Unknown Source)
	at sun.reflect.DelegatingConstructorAccessorImpl.newInstance(Unknown Source)
	at java.lang.reflect.Constructor.newInstance(Unknown Source)
	at org.openqa.selenium.remote.codec.w3c.W3CHttpResponseCodec.createException(W3CHttpResponseCodec.java:200)
	at org.openqa.selenium.remote.codec.w3c.W3CHttpResponseCodec.decode(W3CHttpResponseCodec.java:133)
	at org.openqa.selenium.remote.codec.w3c.W3CHttpResponseCodec.decode(W3CHttpResponseCodec.java:53)
	at org.openqa.selenium.remote.HttpCommandExecutor.execute(HttpCommandExecutor.java:184)
	at org.openqa.selenium.remote.service.DriverCommandExecutor.invokeExecute(DriverCommandExecutor.java:167)
	at org.openqa.selenium.remote.service.DriverCommandExecutor.execute(DriverCommandExecutor.java:142)
	at org.openqa.selenium.remote.RemoteWebDriver.execute(RemoteWebDriver.java:547)
	at org.openqa.selenium.remote.RemoteWebElement.execute(RemoteWebElement.java:257)
	at org.openqa.selenium.remote.RemoteWebElement.click(RemoteWebElement.java:78)
	at sun.reflect.GeneratedMethodAccessor3.invoke(Unknown Source)
	at sun.reflect.DelegatingMethodAccessorImpl.invoke(Unknown Source)
	at java.lang.reflect.Method.invoke(Unknown Source)
	at org.openqa.selenium.support.pagefactory.internal.LocatingElementHandler.invoke(LocatingElementHandler.java:52)
	at com.sun.proxy.$Proxy20.click(Unknown Source)
	at utilities.PageUtility.clickOnElement(PageUtility.java:11)
	at pages.CustomersPage.clickOnActionButtonCustomerPage(CustomersPage.java:138)
	at com.obsqura.ProjectServiceApp.CustomersPageTest.verifyClickOnActionButtonCustomerPage(CustomersPageTest.java:56)
	at sun.reflect.NativeMethodAccessorImpl.invoke0(Native Method)
	at sun.reflect.NativeMethodAccessorImpl.invoke(Unknown Source)
	at sun.reflect.DelegatingMethodAccessorImpl.invoke(Unknown Source)
	at java.lang.reflect.Method.invoke(Unknown Source)
	at org.testng.internal.MethodInvocationHelper.invokeMethod(MethodInvocationHelper.java:86)
	at org.testng.internal.Invoker.invokeMethod(Invoker.java:646)
	at org.testng.internal.Invoker.invokeTestMethod(Invoker.java:823)
	at org.testng.internal.Invoker.invokeTestMethods(Invoker.java:1131)
	at org.testng.internal.TestMethodWorker.invokeTestMethods(TestMethodWorker.java:129)
	at org.testng.internal.TestMethodWorker.run(TestMethodWorker.java:112)
	at org.testng.TestRunner.privateRun(TestRunner.java:778)
	at org.testng.TestRunner.run(TestRunner.java:632)
	at org.testng.SuiteRunner.runTest(SuiteRunner.java:366)
	at org.testng.SuiteRunner.runSequentially(SuiteRunner.java:361)
	at org.testng.SuiteRunner.privateRun(SuiteRunner.java:319)
	at org.testng.SuiteRunner.run(SuiteRunner.java:268)
	at org.testng.SuiteRunnerWorker.runSuite(SuiteRunnerWorker.java:52)
	at org.testng.SuiteRunnerWorker.run(SuiteRunnerWorker.java:86)
	at org.testng.TestNG.runSuitesSequentially(TestNG.java:1225)
	at org.testng.TestNG.runSuitesLocally(TestNG.java:1150)
	at org.testng.TestNG.runSuites(TestNG.java:1075)
	at org.testng.TestNG.run(TestNG.java:1047)
	at org.testng.remote.AbstractRemoteTestNG.run(AbstractRemoteTestNG.java:126)
	at org.testng.remote.RemoteTestNG.initAndRun(RemoteTestNG.java:137)
	at org.testng.remote.RemoteTestNG.main(RemoteTestNG.java:58)
]]>
    </error>
  </testcase> <!-- verifyClickOnActionButtonCustomerPage -->
  <testcase name="VerifyClickOnEditClientOptionFromDropdown" time="20.627" classname="com.obsqura.ProjectServiceApp.CustomersPageTest"/>
  <testcase name="verifyClickOnConfirmButtonInDelete" time="15.088" classname="com.obsqura.ProjectServiceApp.CustomersPageTest"/>
  <testcase name="verifyclickOnActionButtonInTable" time="14.409" classname="com.obsqura.ProjectServiceApp.CustomersPageTest"/>
  <testcase name="verifyClickOnGoBackButtonAddClientWindow" time="15.022" classname="com.obsqura.ProjectServiceApp.CustomersPageTest"/>
  <testcase name="verifyEditClientData" time="16.079" classname="com.obsqura.ProjectServiceApp.CustomersPageTest"/>
  <testcase name="verifyEnterDetailsOnAddClientWindow" time="24.876" classname="com.obsqura.ProjectServiceApp.CustomersPageTest"/>
  <testcase name="verifyEnterDataInSearchField" time="12.028" classname="com.obsqura.ProjectServiceApp.CustomersPageTest"/>
  <testcase name="verifyClickOnAddClientButton" time="13.963" classname="com.obsqura.ProjectServiceApp.CustomersPageTest"/>
</testsuite> <!-- com.obsqura.ProjectServiceApp.CustomersPageTest -->
